Compiling the C compiler identification source file "CMakeCCompilerId.c" failed.
Compiler: C:/Program Files (x86)/Microsoft Visual Studio/2019/Community/VC/Tools/MSVC/14.28.29333/bin/Hostx64/x64/cl.exe 
Build flags: -mthumb;-mcpu=cortex-m4;-mfloat-abi=hard;-mfpu=fpv4-sp-d16;--specs=nano.specs;-ffunction-sections;-fdata-sections;-fno-strict-aliasing;-fno-builtin;-fshort-enums;-Wall;-Wextra;-Wuninitialized;-Wshadow;-Wdouble-promotion;-Werror;-Wno-unused-parameter
Id flags:  

The output was:
2
Microsoft (R) C/C++ Optimizing Compiler Version 19.28.29336 for x64
Copyright (C) Microsoft Corporation.  All rights reserved.

cl : Command line error D8021 : invalid numeric argument '/Wextra'


Compiling the C compiler identification source file "CMakeCCompilerId.c" failed.
Compiler: C:/Program Files (x86)/Microsoft Visual Studio/2019/Community/VC/Tools/MSVC/14.28.29333/bin/Hostx64/x64/cl.exe 
Build flags: -mthumb;-mcpu=cortex-m4;-mfloat-abi=hard;-mfpu=fpv4-sp-d16;--specs=nano.specs;-ffunction-sections;-fdata-sections;-fno-strict-aliasing;-fno-builtin;-fshort-enums;-Wall;-Wextra;-Wuninitialized;-Wshadow;-Wdouble-promotion;-Werror;-Wno-unused-parameter
Id flags: -c 

The output was:
2
Microsoft (R) C/C++ Optimizing Compiler Version 19.28.29336 for x64
Copyright (C) Microsoft Corporation.  All rights reserved.

cl : Command line error D8021 : invalid numeric argument '/Wextra'


Compiling the C compiler identification source file "CMakeCCompilerId.c" failed.
Compiler: C:/Program Files (x86)/Microsoft Visual Studio/2019/Community/VC/Tools/MSVC/14.28.29333/bin/Hostx64/x64/cl.exe 
Build flags: -mthumb;-mcpu=cortex-m4;-mfloat-abi=hard;-mfpu=fpv4-sp-d16;--specs=nano.specs;-ffunction-sections;-fdata-sections;-fno-strict-aliasing;-fno-builtin;-fshort-enums;-Wall;-Wextra;-Wuninitialized;-Wshadow;-Wdouble-promotion;-Werror;-Wno-unused-parameter
Id flags: -Aa 

The output was:
2
Microsoft (R) C/C++ Optimizing Compiler Version 19.28.29336 for x64
Copyright (C) Microsoft Corporation.  All rights reserved.

cl : Command line error D8021 : invalid numeric argument '/Wextra'


Compiling the C compiler identification source file "CMakeCCompilerId.c" failed.
Compiler: C:/Program Files (x86)/Microsoft Visual Studio/2019/Community/VC/Tools/MSVC/14.28.29333/bin/Hostx64/x64/cl.exe 
Build flags: -mthumb;-mcpu=cortex-m4;-mfloat-abi=hard;-mfpu=fpv4-sp-d16;--specs=nano.specs;-ffunction-sections;-fdata-sections;-fno-strict-aliasing;-fno-builtin;-fshort-enums;-Wall;-Wextra;-Wuninitialized;-Wshadow;-Wdouble-promotion;-Werror;-Wno-unused-parameter
Id flags: -D__CLASSIC_C__ 

The output was:
2
Microsoft (R) C/C++ Optimizing Compiler Version 19.28.29336 for x64
Copyright (C) Microsoft Corporation.  All rights reserved.

cl : Command line error D8021 : invalid numeric argument '/Wextra'


Compiling the C compiler identification source file "CMakeCCompilerId.c" failed.
Compiler: C:/Program Files (x86)/Microsoft Visual Studio/2019/Community/VC/Tools/MSVC/14.28.29333/bin/Hostx64/x64/cl.exe 
Build flags: -mthumb;-mcpu=cortex-m4;-mfloat-abi=hard;-mfpu=fpv4-sp-d16;--specs=nano.specs;-ffunction-sections;-fdata-sections;-fno-strict-aliasing;-fno-builtin;-fshort-enums;-Wall;-Wextra;-Wuninitialized;-Wshadow;-Wdouble-promotion;-Werror;-Wno-unused-parameter
Id flags: --target=arm-arm-none-eabi;-mcpu=cortex-m3 

The output was:
2
Microsoft (R) C/C++ Optimizing Compiler Version 19.28.29336 for x64
Copyright (C) Microsoft Corporation.  All rights reserved.

cl : Command line error D8021 : invalid numeric argument '/Wextra'


Detecting C compiler ABI info failed to compile with the following output:
Change Dir: C:/Repos/Github-Verified-Telemetry-Device-Sample/STMicroelectronics/STM32L4_L4+/out/build/x64-Debug (default)/CMakeFiles/CMakeTmp

Run Build Command(s):c:/PROGRA~2/MICROS~3/2019/COMMUN~1/common7/ide/COMMON~1/MICROS~1/cmake/Ninja/ninja.exe cmTC_f2752 && [1/2] Building C object CMakeFiles\cmTC_f2752.dir\CMakeCCompilerABI.c.obj
FAILED: CMakeFiles/cmTC_f2752.dir/CMakeCCompilerABI.c.obj 
C:\PROGRA~2\MICROS~3\2019\COMMUN~1\VC\Tools\MSVC\1428~1.293\bin\Hostx64\x64\cl.exe   -mthumb -mcpu=cortex-m4 -mfloat-abi=hard -mfpu=fpv4-sp-d16 --specs=nano.specs -ffunction-sections -fdata-sections -fno-strict-aliasing -fno-builtin -fshort-enums -Wall -Wextra -Wuninitialized -Wshadow -Wdouble-promotion -Wno-unused-parameter  -O0 -g3 -o CMakeFiles\cmTC_f2752.dir\CMakeCCompilerABI.c.obj -c "C:\Program Files (x86)\Microsoft Visual Studio\2019\Community\Common7\IDE\CommonExtensions\Microsoft\CMake\CMake\share\cmake-3.18\Modules\CMakeCCompilerABI.c"
Microsoft (R) C/C++ Optimizing Compiler Version 19.28.29336 for x64
Copyright (C) Microsoft Corporation.  All rights reserved.

cl : Command line error D8021 : invalid numeric argument '/Wextra'
ninja: build stopped: subcommand failed.




Determining if the C compiler works failed with the following output:
Change Dir: C:/Repos/Github-Verified-Telemetry-Device-Sample/STMicroelectronics/STM32L4_L4+/out/build/x64-Debug (default)/CMakeFiles/CMakeTmp

Run Build Command(s):c:/PROGRA~2/MICROS~3/2019/COMMUN~1/common7/ide/COMMON~1/MICROS~1/cmake/Ninja/ninja.exe cmTC_48c5b && [1/2] Building C object CMakeFiles\cmTC_48c5b.dir\testCCompiler.c.obj
FAILED: CMakeFiles/cmTC_48c5b.dir/testCCompiler.c.obj 
C:\PROGRA~2\MICROS~3\2019\COMMUN~1\VC\Tools\MSVC\1428~1.293\bin\Hostx64\x64\cl.exe   -mthumb -mcpu=cortex-m4 -mfloat-abi=hard -mfpu=fpv4-sp-d16 --specs=nano.specs -ffunction-sections -fdata-sections -fno-strict-aliasing -fno-builtin -fshort-enums -Wall -Wextra -Wuninitialized -Wshadow -Wdouble-promotion -Werror -Wno-unused-parameter  -O0 -g3 -o CMakeFiles\cmTC_48c5b.dir\testCCompiler.c.obj -c testCCompiler.c
Microsoft (R) C/C++ Optimizing Compiler Version 19.28.29336 for x64
Copyright (C) Microsoft Corporation.  All rights reserved.

cl : Command line error D8021 : invalid numeric argument '/Wextra'
ninja: build stopped: subcommand failed.



